android/app/build/intermediates/manifest_merge_blame_file/release/manifest-merger-blame-release-report.txt
1<?xml version="1.0" encoding="utf-8"?>
2<manifest xmlns:android="http://schemas.android.com/apk/res/android"
3    package="com.unsplash"
4    android:versionCode="1"
5    android:versionName="1.0" >
6
7    <uses-sdk
8        android:minSdkVersion="21"
8-->src/main/AndroidManifest.xml
9        android:targetSdkVersion="31" />
9-->src/main/AndroidManifest.xml
10
11    <uses-permission android:name="android.permission.INTERNET" />
11-->src/main/AndroidManifest.xml:3:4-66
11-->src/main/AndroidManifest.xml:3:21-63
12    <uses-permission android:name="android.permission.ACCEPT_HANDOVER" />
12-->src/main/AndroidManifest.xml:4:5-74
12-->src/main/AndroidManifest.xml:4:22-71
13    <uses-permission android:name="android.permission.ACCESS_BACKGROUND_LOCATION" />
13-->src/main/AndroidManifest.xml:5:5-85
13-->src/main/AndroidManifest.xml:5:22-82
14    <uses-permission android:name="android.permission.ACCESS_COARSE_LOCATION" />
14-->src/main/AndroidManifest.xml:6:5-81
14-->src/main/AndroidManifest.xml:6:22-78
15    <uses-permission android:name="android.permission.ACCESS_FINE_LOCATION" />
15-->src/main/AndroidManifest.xml:7:5-79
15-->src/main/AndroidManifest.xml:7:22-76
16    <uses-permission android:name="android.permission.ACTIVITY_RECOGNITION" />
16-->src/main/AndroidManifest.xml:8:5-79
16-->src/main/AndroidManifest.xml:8:22-76
17    <uses-permission android:name="android.permission.ANSWER_PHONE_CALLS" />
17-->src/main/AndroidManifest.xml:9:5-77
17-->src/main/AndroidManifest.xml:9:22-74
18    <uses-permission android:name="android.permission.BODY_SENSORS" />
18-->src/main/AndroidManifest.xml:10:5-71
18-->src/main/AndroidManifest.xml:10:22-68
19    <uses-permission android:name="android.permission.CALL_PHONE" />
19-->src/main/AndroidManifest.xml:11:5-69
19-->src/main/AndroidManifest.xml:11:22-66
20    <uses-permission android:name="android.permission.CAMERA" />
20-->src/main/AndroidManifest.xml:12:5-65
20-->src/main/AndroidManifest.xml:12:22-62
21    <uses-permission android:name="android.permission.GET_ACCOUNTS" />
21-->src/main/AndroidManifest.xml:13:5-71
21-->src/main/AndroidManifest.xml:13:22-68
22    <uses-permission android:name="android.permission.PROCESS_OUTGOING_CALLS" />
22-->src/main/AndroidManifest.xml:14:5-81
22-->src/main/AndroidManifest.xml:14:22-78
23    <uses-permission android:name="android.permission.READ_CALENDAR" />
23-->src/main/AndroidManifest.xml:15:5-72
23-->src/main/AndroidManifest.xml:15:22-69
24    <uses-permission android:name="android.permission.READ_CALL_LOG" />
24-->src/main/AndroidManifest.xml:16:5-72
24-->src/main/AndroidManifest.xml:16:22-69
25    <uses-permission android:name="android.permission.READ_CONTACTS" />
25-->src/main/AndroidManifest.xml:17:5-72
25-->src/main/AndroidManifest.xml:17:22-69
26    <uses-permission android:name="android.permission.READ_EXTERNAL_STORAGE" />
26-->src/main/AndroidManifest.xml:18:5-80
26-->src/main/AndroidManifest.xml:18:22-77
27    <uses-permission android:name="android.permission.READ_PHONE_NUMBERS" />
27-->src/main/AndroidManifest.xml:19:5-77
27-->src/main/AndroidManifest.xml:19:22-74
28    <uses-permission android:name="android.permission.READ_PHONE_STATE" />
28-->src/main/AndroidManifest.xml:20:5-75
28-->src/main/AndroidManifest.xml:20:22-72
29    <uses-permission android:name="android.permission.READ_SMS" />
29-->src/main/AndroidManifest.xml:21:5-67
29-->src/main/AndroidManifest.xml:21:22-64
30    <uses-permission android:name="android.permission.RECEIVE_MMS" />
30-->src/main/AndroidManifest.xml:22:5-70
30-->src/main/AndroidManifest.xml:22:22-67
31    <uses-permission android:name="android.permission.RECEIVE_SMS" />
31-->src/main/AndroidManifest.xml:23:5-70
31-->src/main/AndroidManifest.xml:23:22-67
32    <uses-permission android:name="android.permission.RECEIVE_WAP_PUSH" />
32-->src/main/AndroidManifest.xml:24:5-75
32-->src/main/AndroidManifest.xml:24:22-72
33    <uses-permission android:name="android.permission.RECORD_AUDIO" />
33-->src/main/AndroidManifest.xml:25:5-71
33-->src/main/AndroidManifest.xml:25:22-68
34    <uses-permission android:name="android.permission.SEND_SMS" />
34-->src/main/AndroidManifest.xml:26:5-67
34-->src/main/AndroidManifest.xml:26:22-64
35    <uses-permission android:name="android.permission.USE_SIP" />
35-->src/main/AndroidManifest.xml:27:5-66
35-->src/main/AndroidManifest.xml:27:22-63
36    <uses-permission android:name="android.permission.WRITE_CALENDAR" />
36-->src/main/AndroidManifest.xml:28:5-73
36-->src/main/AndroidManifest.xml:28:22-70
37    <uses-permission android:name="android.permission.WRITE_CALL_LOG" />
37-->src/main/AndroidManifest.xml:29:5-73
37-->src/main/AndroidManifest.xml:29:22-70
38    <uses-permission android:name="android.permission.WRITE_CONTACTS" />
38-->src/main/AndroidManifest.xml:30:5-73
38-->src/main/AndroidManifest.xml:30:22-70
39    <uses-permission android:name="android.permission.WRITE_EXTERNAL_STORAGE" />
39-->src/main/AndroidManifest.xml:31:5-81
39-->src/main/AndroidManifest.xml:31:22-78
40    <uses-permission android:name="android.permission.SYSTEM_ALERT_WINDOW" />
40-->src/main/AndroidManifest.xml:32:5-77
40-->src/main/AndroidManifest.xml:32:22-75
41    <uses-permission android:name="android.permission.DOWNLOAD_WITHOUT_NOTIFICATION" />
41-->src/main/AndroidManifest.xml:33:5-88
41-->src/main/AndroidManifest.xml:33:22-85
42    <uses-permission android:name="android.permission.ACCESS_NETWORK_STATE" />
42-->src/main/AndroidManifest.xml:34:5-79
42-->src/main/AndroidManifest.xml:34:22-76
43    <uses-permission android:name="android.permission.QUERY_ALL_PACKAGES" />
43-->src/main/AndroidManifest.xml:35:5-77
43-->src/main/AndroidManifest.xml:35:22-74
44    <uses-permission android:name="com.android.voicemail.permission.ADD_VOICEMAIL" />
44-->src/main/AndroidManifest.xml:37:5-86
44-->src/main/AndroidManifest.xml:37:22-83
45
46    <queries>
46-->src/main/AndroidManifest.xml:38:2-43:15
47        <intent>
47-->src/main/AndroidManifest.xml:39:8-42:14
48            <action android:name="android.intent.action.VIEW" />
48-->src/main/AndroidManifest.xml:40:9-61
48-->src/main/AndroidManifest.xml:40:17-58
49
50            <data android:mimeType="*/*" />
50-->src/main/AndroidManifest.xml:41:9-40
50-->src/main/AndroidManifest.xml:41:15-37
51        </intent>
52    </queries>
53    <!--
54         Required to keep CPU alive while downloading files
55        (NOT to keep screen awake)
56    -->
57    <uses-permission android:name="android.permission.WAKE_LOCK" /> <!-- Required to check whether Wi-Fi is enabled -->
57-->[:react-native-blob-util] AndroidManifest.xml:16:5-68
57-->[:react-native-blob-util] AndroidManifest.xml:16:22-65
58    <uses-permission android:name="android.permission.ACCESS_WIFI_STATE" />
58-->[:react-native-blob-util] AndroidManifest.xml:25:5-76
58-->[:react-native-blob-util] AndroidManifest.xml:25:22-73
59    <uses-permission android:name="android.permission.FOREGROUND_SERVICE" />
59-->[:react-native-track-player] AndroidManifest.xml:10:5-77
59-->[:react-native-track-player] AndroidManifest.xml:10:22-74
60
61    <application
61-->src/main/AndroidManifest.xml:44:5-66:19
62        android:name="com.unsplash.MainApplication"
62-->src/main/AndroidManifest.xml:45:7-38
63        android:allowBackup="false"
63-->src/main/AndroidManifest.xml:50:7-34
64        android:appComponentFactory="androidx.core.app.CoreComponentFactory"
64-->[androidx.core:core:1.7.0] AndroidManifest.xml:24:18-86
65        android:icon="@mipmap/ic_launcher"
65-->src/main/AndroidManifest.xml:47:7-41
66        android:label="@string/app_name"
66-->src/main/AndroidManifest.xml:46:7-39
67        android:launchMode="singleTop"
67-->src/main/AndroidManifest.xml:48:6-36
68        android:requestLegacyExternalStorage="true"
68-->src/main/AndroidManifest.xml:51:8-51
69        android:roundIcon="@mipmap/ic_launcher_round"
69-->src/main/AndroidManifest.xml:49:7-52
70        android:theme="@style/AppTheme"
70-->src/main/AndroidManifest.xml:53:7-38
71        android:usesCleartextTraffic="true" >
71-->src/main/AndroidManifest.xml:52:8-43
72        <activity
72-->src/main/AndroidManifest.xml:54:7-65:18
73            android:name="com.unsplash.MainActivity"
73-->src/main/AndroidManifest.xml:55:9-37
74            android:configChanges="keyboard|keyboardHidden|orientation|screenLayout|screenSize|smallestScreenSize|uiMode"
74-->src/main/AndroidManifest.xml:57:9-118
75            android:exported="true"
75-->src/main/AndroidManifest.xml:60:9-32
76            android:label="@string/app_name"
76-->src/main/AndroidManifest.xml:56:9-41
77            android:launchMode="singleTask"
77-->src/main/AndroidManifest.xml:58:9-40
78            android:windowSoftInputMode="adjustResize" >
78-->src/main/AndroidManifest.xml:59:9-51
79            <intent-filter>
79-->src/main/AndroidManifest.xml:61:9-64:25
80                <action android:name="android.intent.action.MAIN" />
80-->src/main/AndroidManifest.xml:62:13-65
80-->src/main/AndroidManifest.xml:62:21-62
81
82                <category android:name="android.intent.category.LAUNCHER" />
82-->src/main/AndroidManifest.xml:63:13-73
82-->src/main/AndroidManifest.xml:63:23-70
83            </intent-filter>
84        </activity>
85
86        <provider
86-->[:react-native-blob-util] AndroidManifest.xml:37:9-45:20
87            android:name="com.ReactNativeBlobUtil.Utils.FileProvider"
87-->[:react-native-blob-util] AndroidManifest.xml:38:13-70
88            android:authorities="com.unsplash.provider"
88-->[:react-native-blob-util] AndroidManifest.xml:39:13-60
89            android:exported="false"
89-->[:react-native-blob-util] AndroidManifest.xml:40:13-37
90            android:grantUriPermissions="true" >
90-->[:react-native-blob-util] AndroidManifest.xml:41:13-47
91            <meta-data
91-->[:react-native-blob-util] AndroidManifest.xml:42:13-44:58
92                android:name="android.support.FILE_PROVIDER_PATHS"
92-->[:react-native-blob-util] AndroidManifest.xml:43:17-67
93                android:resource="@xml/provider_paths" />
93-->[:react-native-blob-util] AndroidManifest.xml:44:17-55
94        </provider> <!-- The main service, handles playback, playlists and media buttons -->
95        <service
95-->[:react-native-track-player] AndroidManifest.xml:15:9-22:19
96            android:name="com.doublesymmetry.trackplayer.service.MusicService"
96-->[:react-native-track-player] AndroidManifest.xml:16:13-79
97            android:enabled="true"
97-->[:react-native-track-player] AndroidManifest.xml:17:13-35
98            android:exported="false" >
98-->[:react-native-track-player] AndroidManifest.xml:18:13-37
99            <intent-filter>
99-->[:react-native-track-player] AndroidManifest.xml:19:13-21:29
100                <action android:name="android.intent.action.MEDIA_BUTTON" />
100-->[:react-native-track-player] AndroidManifest.xml:20:17-77
100-->[:react-native-track-player] AndroidManifest.xml:20:25-74
101            </intent-filter>
102        </service> <!-- A receiver that will receive media buttons. Required on pre-lollipop devices -->
103        <receiver
103-->[:react-native-track-player] AndroidManifest.xml:25:9-31:20
104            android:name="androidx.media.session.MediaButtonReceiver"
104-->[:react-native-track-player] AndroidManifest.xml:26:13-70
105            android:exported="true" >
105-->[:react-native-track-player] AndroidManifest.xml:27:13-36
106            <intent-filter>
106-->[:react-native-track-player] AndroidManifest.xml:19:13-21:29
107                <action android:name="android.intent.action.MEDIA_BUTTON" />
107-->[:react-native-track-player] AndroidManifest.xml:20:17-77
107-->[:react-native-track-player] AndroidManifest.xml:20:25-74
108            </intent-filter>
109        </receiver>
110
111        <provider
111-->[androidx.emoji2:emoji2:1.0.0] AndroidManifest.xml:26:9-34:20
112            android:name="androidx.startup.InitializationProvider"
112-->[androidx.emoji2:emoji2:1.0.0] AndroidManifest.xml:27:13-67
113            android:authorities="com.unsplash.androidx-startup"
113-->[androidx.emoji2:emoji2:1.0.0] AndroidManifest.xml:28:13-68
114            android:exported="false" >
114-->[androidx.emoji2:emoji2:1.0.0] AndroidManifest.xml:29:13-37
115            <meta-data
115-->[androidx.emoji2:emoji2:1.0.0] AndroidManifest.xml:31:13-33:52
116                android:name="androidx.emoji2.text.EmojiCompatInitializer"
116-->[androidx.emoji2:emoji2:1.0.0] AndroidManifest.xml:32:17-75
117                android:value="androidx.startup" />
117-->[androidx.emoji2:emoji2:1.0.0] AndroidManifest.xml:33:17-49
118            <meta-data
118-->[androidx.lifecycle:lifecycle-process:2.4.0] AndroidManifest.xml:31:13-33:52
119                android:name="androidx.lifecycle.ProcessLifecycleInitializer"
119-->[androidx.lifecycle:lifecycle-process:2.4.0] AndroidManifest.xml:32:17-78
120                android:value="androidx.startup" />
120-->[androidx.lifecycle:lifecycle-process:2.4.0] AndroidManifest.xml:33:17-49
121        </provider>
122    </application>
123
124</manifest>